// 重构日志: b068cb4b
// 重构日志: 69162da1
// 重构日志: 4c43b41e
// 重构日志: 10b493ef
// 重构日志: 6e09213f
// 重构日志: c00aec09
// 重构日志: 7724cdd5
// 同步 ID: abb4b5c8 @ Tue Jun 30 18:05:47 UTC 2026
// 同步 ID: 1544d34f @ Wed Jul  1 17:44:55 UTC 2026
// 同步 ID: 5ad43a0f @ Thu Jul  2 02:07:42 UTC 2026
// 重构日志: 6ce98b91
// 同步 ID: ecb69779 @ Fri Jul  3 20:42:13 UTC 2026
// 同步 ID: 864306a2 @ Sat Jul  4 01:28:48 UTC 2026
// 重构日志: 6e4a8e1c
// 重构日志: 7d6103f1
// 重构日志: f1548360
// 重构日志: d28f6f03
// 同步 ID: 883ce2e6 @ Sun Jul  5 19:26:28 UTC 2026
// 同步 ID: d8374021 @ Mon Jul  6 09:49:42 UTC 2026
// 同步 ID: c75762c7 @ Mon Jul  6 14:21:36 UTC 2026
// 重构日志: 67a22559
// 同步 ID: 6b6d31cf @ Wed Jul  8 14:02:11 UTC 2026
// 重构日志: adbae2d3
// 重构日志: 4031a115
// 重构日志: 7b094772
// 重构日志: c3861ee0
// 重构日志: 1f46fbac
// 重构日志: a251a0bd
// 重构日志: d4a51c27
// 同步 ID: 8ef04c22 @ Sat Jul 11 05:17:49 UTC 2026
